<?xml version="1.0" encoding="utf-8"?><testsuites name="pytest tests"><testsuite name="pytest" errors="0" failures="0" skipped="0" tests="28" time="5.887" timestamp="2026-08-16T17:59:33.510485+00:00" hostname="agent-env-69875303-71df-4fa3-b41c-dc23cdac622e"><testcase classname="tests.backend_test.TestAuth" name="test_login_owner" time="0.510" /><testcase classname="tests.backend_test.TestAuth" name="test_login_pm" time="0.435" /><testcase classname="tests.backend_test.TestPOs" name="test_list_pos" time="0.949" /><testcase classname="tests.backend_test.TestAuth" name="test_login_pcm" time="0.340" /><testcase classname="tests.backend_test.TestPOs" name="test_create_po_owner_new_schema" time="0.488" /><testcase classname="tests.backend_test.TestAuth" name="test_login_engineer" time="0.359" /><testcase classname="tests.backend_test.TestAuth" name="test_login_wrong_password" time="0.437" /><testcase classname="tests.backend_test.TestPOs" name="test_create_po_pcm_allowed" time="0.646" /><testcase classname="tests.backend_test.TestAuth" name="test_me_owner" time="0.575" /><testcase classname="tests.backend_test.TestPOs" name="test_create_po_engineer_forbidden" time="0.650" /><testcase classname="tests.backend_test.TestPOs" name="test_delete_po_owner_and_verify" time="0.626" /><testcase classname="tests.backend_test.TestAuth" name="test_me_engineer" time="0.598" /><testcase classname="tests.backend_test.TestCosts" name="test_list_costs" time="0.118" /><testcase classname="tests.backend_test.TestPOs" name="test_delete_po_engineer_forbidden" time="0.332" /><testcase classname="tests.backend_test.TestCosts" name="test_create_cost_empty_site_name_fails" time="0.123" /><testcase classname="tests.backend_test.TestCosts" name="test_create_cost_valid_no_remarks_field" time="0.213" /><testcase classname="tests.backend_test.TestInvoices" name="test_list_invoices" time="0.113" /><testcase classname="tests.backend_test.TestCosts" name="test_delete_cost_owner" time="0.370" /><testcase classname="tests.backend_test.TestInvoices" name="test_create_invoice_owner" time="0.238" /><testcase classname="tests.backend_test.TestInvoices" name="test_create_invoice_engineer_forbidden" time="0.127" /><testcase classname="tests.backend_test.TestCosts" name="test_delete_cost_engineer_forbidden" time="0.347" /><testcase classname="tests.backend_test.TestInvoices" name="test_toggle_invoice" time="0.326" /><testcase classname="tests.backend_test.TestInvoices" name="test_delete_invoice_owner" time="0.482" /><testcase classname="tests.backend_test.TestCosts" name="test_delete_cost_pm_forbidden" time="0.495" /><testcase classname="tests.backend_test.TestEmployeesRBAC" name="test_engineer_cannot_create_employee" time="0.098" /><testcase classname="tests.backend_test.TestDashboard" name="test_dashboard" time="0.108" /><testcase classname="tests.backend_test.TestEmployeesRBAC" name="test_pm_cannot_patch_employee" time="0.162" /><testcase classname="tests.backend_test.TestEmployeesRBAC" name="test_owner_can_create_employee" time="0.334" /></testsuite></testsuites>