<?xml version="1.0" encoding="utf-8"?><testsuites name="pytest tests"><testsuite name="pytest" errors="0" failures="0" skipped="0" tests="17" time="4.319" timestamp="2026-08-16T13:49:00.933924+00:00" hostname="agent-env-69875303-71df-4fa3-b41c-dc23cdac622e"><testcase classname="tests.backend_test.TestAuth" name="test_login_owner" time="0.729" /><testcase classname="tests.backend_test.TestPOs" name="test_list_pos" time="0.738" /><testcase classname="tests.backend_test.TestAuth" name="test_login_pm" time="0.422" /><testcase classname="tests.backend_test.TestPOs" name="test_create_po_owner" time="0.369" /><testcase classname="tests.backend_test.TestAuth" name="test_login_engineer" time="0.331" /><testcase classname="tests.backend_test.TestAuth" name="test_login_wrong_password" time="0.444" /><testcase classname="tests.backend_test.TestPOs" name="test_create_po_engineer_forbidden" time="0.820" /><testcase classname="tests.backend_test.TestCosts" name="test_list_costs" time="0.183" /><testcase classname="tests.backend_test.TestCosts" name="test_create_cost_empty_remarks" time="0.181" /><testcase classname="tests.backend_test.TestCosts" name="test_create_cost_valid" time="0.202" /><testcase classname="tests.backend_test.TestAuth" name="test_me" time="0.594" /><testcase classname="tests.backend_test.TestInvoices" name="test_list_invoices" time="0.111" /><testcase classname="tests.backend_test.TestInvoices" name="test_toggle_invoice" time="0.497" /><testcase classname="tests.backend_test.TestEmployeesRBAC" name="test_engineer_cannot_create_employee" time="0.511" /><testcase classname="tests.backend_test.TestDashboard" name="test_dashboard" time="0.265" /><testcase classname="tests.backend_test.TestEmployeesRBAC" name="test_pm_cannot_patch_employee" time="0.523" /><testcase classname="tests.backend_test.TestEmployeesRBAC" name="test_owner_can_create_and_patch_employee" time="0.453" /></testsuite></testsuites>